      Timing level               3
      Hessian Limited Memory
      LU Partial Pivoting
      Verify Level              -1
      Cold Start
      Iteration Limit         1000000
      Major Iterations Limit          100000
      Minor Iterations Limit          100000
      Major Optimality Tolerance  1.00000000E-06
      Major Feasibility Tolerance  2.00000000E-06
1
 
 Parameters
 ==========

 Files
 -----
 Solution file..........         0       Old basis file ........         0       Standard input.........         5
 Insert file............         0       New basis file ........         0       (Printer)..............         9
 Punch file.............         0       Backup basis file......         0       (Specs file)...........         0
 Load file..............         0       Dump file..............         0       Standard output........         6

 Frequencies
 -----------
 Print frequency........       100       Check frequency........        60       Save new basis map.....       100
 Summary frequency......       100       Factorization frequency        50       Expand frequency.......     10000

 QP subproblems
 --------------
 QPsolver Cholesky......
 Scale tolerance........      .900       Minor feasibility tol..  1.00E-06       Iteration limit........   1000000
 Scale option...........         0       Minor optimality  tol..  5.00E-07       Minor print level......         1
 Crash tolerance........      .100       Pivot tolerance........  3.25E-11       Partial price..........         1
 Crash option...........         3       Elastic weight.........  1.00E+04       Prtl price section ( A)        85
                                         New superbasics........        99       Prtl price section (-I)        62

 The SQP Method
 --------------
 Minimize...............                 Cold start.............                 Proximal Point method..         1
 Nonlinear objectiv vars        85       Objective Row..........         1       Function precision.....  3.00E-13
 Unbounded step size....  1.00E+20       Superbasics limit......        85       Difference interval....  5.48E-07
 Unbounded objective....  1.00E+15       Reduced Hessian dim....        85       Central difference int.  6.70E-05
 Major step limit.......  2.00E+00       Derivative linesearch..                 Derivative option......         1
 Major iterations limit.    100000       Linesearch tolerance...    .90000       Verify level...........        -1
 Minor iterations limit.    100000       Penalty parameter......  0.00E+00       Major Print Level......         1
                                         Major optimality tol...  1.00E-06

 Hessian Approximation
 ---------------------
 Limited-Memory Hessian.                 Hessian updates........        10       Hessian frequency......  99999999
                                                                                 Hessian flush..........  99999999

 Nonlinear constraints
 ---------------------
 Nonlinear constraints..        60       Major feasibility tol..  2.00E-06       Violation limit........  1.00E+06
 Nonlinear Jacobian vars        85

 Miscellaneous
 -------------
 LU factor tolerance....      3.99       LU singularity tol.....  3.25E-11       Timing level...........         0
 LU update tolerance....      3.99       LU swap tolerance......  1.22E-04       Debug level............         0
 LU partial  pivoting...                 eps (machine precision)  2.22E-16       System information.....        No
                                                                                 Sticky parameters......       Yes
1
 

 

 Matrix statistics
 -----------------
               Total      Normal        Free       Fixed     Bounded
 Rows             62           1           1          60           0
 Columns          85           0           0           6          79

 No. of matrix elements                 2762     Density      52.410
 Biggest  constant element        1.0000E+00  (excluding fixed columns,
 Smallest constant element        1.0000E+00   free rows, and RHS)

 No. of objective coefficients             0

 Nonlinear constraints      60     Linear constraints       2
 Nonlinear variables        85     Linear variables         0
 Jacobian  variables        85     Objective variables     85
 Total constraints          62     Total variables         85
1
 

 
 The user has defined    1645   out of    1645   first  derivatives
1
 
 

   Itns Major Minors    Step   nCon Feasible  Optimal  MeritFunction     L+U BSwap     nS  condHz Penalty
     37     0     37              1  6.5E+00  1.1E+00  2.0000000E+01    1350           17 1.1E+02         _  r
     53     1     16 3.5E-01      2  4.5E+00  1.1E+00  2.2841800E+01    1496           18 2.7E+02 5.3E-04 _n rl
     64     2     11 5.2E-01      3  2.3E+00  1.7E-01  1.2677443E+01    1629           12 2.1E+07 5.3E-04 _s  l
     94     3     30 1.0E+00      5  3.1E-01  1.6E-02  8.9332916E-01    1926    12      3 2.4E+02 5.3E-04 _ M
    127     4     33 3.7E-01      7  2.5E-01  1.4E-02  8.3337694E-01    1828     1      3 1.5E+02 5.3E-04 _
    146     5     19 1.4E-01      9  2.2E-01  1.7E-02  8.2512179E-01    1735     1      7 1.8E+02 5.3E-04 _
    157     6     11 6.6E-02     11  2.0E-01  1.5E-02  8.2416951E-01    1761     2     11 2.9E+02 5.3E-04 _
    160     7      3 6.7E-02     13  1.9E-01  1.7E-02  8.2314132E-01    1738            9 3.2E+01 5.3E-04 _
    171     8     11 6.1E-02     15  1.8E-01  2.0E-02  8.2223809E-01    1740           13 7.6E+01 5.3E-04 _
    177     9      6 6.7E-02     17  1.7E-01  1.4E-02  8.2154636E-01    1742           12 9.5E+01 5.3E-04 _
    190    10     13 7.2E-02     19  1.5E-01  9.4E-03  8.2021992E-01    1707           12 2.2E+02 5.3E-04 _
    196    11      6 2.2E-02     21  1.5E-01  3.0E-02  8.2007090E-01    1722           15 9.7E+01 5.3E-04 _
    201    12      5 3.7E-02     23  1.4E-01  2.5E-01  8.2141033E-01    1682     1     17 5.6E+01 8.0E-04 _  R
    202    13      1 1.0E+00     24  4.0E-02  1.2E-02  8.4641292E-01    1682           17 5.3E+01 2.7E-02 _s
    208    14      6 1.0E+00     25  2.3E-02  1.3E-02  8.3194072E-01    1682           16 3.7E+07 2.7E-02 _
    212    15      4 2.8E-01     27  1.7E-02  6.0E-03  8.2246448E-01    1682           17 1.6E+08 2.7E-02 _
    214    16      2 2.0E-01     29  1.4E-02  3.3E-03  8.2016792E-01    1682           18 1.7E+08 2.7E-02 _
    216    17      2 2.3E-01     31  1.1E-02  3.6E-03  8.1902093E-01    1682           17 1.7E+08 2.7E-02 _
    219    18      3 2.8E-01     33  9.8E-03  1.8E-03  8.1779793E-01    1682           18 1.6E+08 2.7E-02 _
    220    19      1 1.6E-01     35  9.0E-03  1.8E-03  8.1726820E-01    1682           18 2.3E+08 2.7E-02 _

   Itns Major Minors    Step   nCon Feasible  Optimal  MeritFunction     L+U BSwap     nS  condHz Penalty
    221    20      1 4.4E-01     37  6.3E-03  1.6E-03  8.1686734E-01    1682           18 2.3E+08 2.7E-02 _
    222    21      1 2.0E-01     39  5.8E-03  7.3E-04  8.1664441E-01    1682           18 2.2E+08 2.7E-02 _
    223    22      1 2.2E-01     41  4.7E-03  6.5E-04  8.1655353E-01    1633     1     18 2.4E+01 2.7E-02 _
    224    23      1 3.2E-01     43  3.2E-03  4.0E-04  8.1651357E-01    1633           18 2.2E+01 2.7E-02 _  R
    225    24      1 1.0E+00     44  1.1E-04  3.1E-04  8.1648306E-01    1633           18 2.2E+01 2.7E-02 _s
    226    25      1 1.0E+00     45  7.1E-05  4.4E-05  8.1647064E-01    1633           18 2.0E+01 2.7E-02 _
    227    26      1 1.0E+00     46  2.5E-05  3.2E-05  8.1647037E-01    1633           18 1.1E+01 2.7E-02 _
    228    27      1 1.0E+00     47  6.6E-06  1.8E-05  8.1646993E-01    1633           18 1.0E+01 2.7E-02 _
    229    28      1 1.0E+00     48 (1.0E-07) 9.1E-06  8.1646991E-01    1633           18 1.1E+01 2.7E-02 _
    230    29      1 1.0E+00     49 (6.9E-08) 1.4E-06  8.1646990E-01    1633           18 1.1E+01 2.7E-02 _
    231    30      1 1.0E+00     50 (2.9E-09) 1.2E-06  8.1646990E-01    1633           18 1.1E+01 2.7E-02 _
    232    31      1 1.0E+00     51 (3.5E-10)(1.7E-07) 8.1646990E-01    1633           18 1.1E+01 2.7E-02 _
1
 
 SNOPTA EXIT   0 -- finished successfully
 SNOPTA INFO   1 -- optimality conditions satisfied

 Problem name
 No. of iterations                 232   Objective value      8.1646989607E-01
 No. of major iterations            31   Linear objective     0.0000000000E+00
 Penalty parameter           2.717E-02   Nonlinear objective  8.1646989607E-01
 No. of calls to funobj             51   No. of calls to funcon             51
 No. of superbasics                 18   No. of basic nonlinears            60
 No. of degenerate steps             0   Percentage                        .00
 Max x                      63 6.3E+00   Max pi                     62 1.0E+00
 Max Primal infeas           0 0.0E+00   Max Dual infeas            70 3.3E-07
 Nonlinear constraint violn    5.0E-09
1
 
 Name                                    Objective Value      8.1646989607E-01

 Status         Optimal Soln             Iteration    232    Superbasics    18

 Objective               (Min)
 RHS
 Ranges
 Bounds

 Section 1 - Rows

  Number  ...Row.. State  ...Activity...  Slack Activity  ..Lower Limit.  ..Upper Limit.  .Dual Activity    ..i
 
      86  r      1    BS          .               .                None            None         -1.0          1
      87  r      2    EQ          .               .               .               .              -.00074      2
      88  r      3    EQ          .00000          .00000          .               .              -.00453      3
      89  r      4    EQ          .00000          .00000          .               .              -.00803      4
      90  r      5    EQ          .00000          .00000          .               .              -.01134      5
      91  r      6    EQ          .00000          .00000          .               .              -.01437      6
      92  r      7    EQ          .00000          .00000          .               .              -.01704      7
      93  r      8    EQ          .00000          .00000          .               .              -.01930      8
      94  r      9    EQ          .00000          .00000          .               .              -.02108      9
      95  r     10    EQ          .00000          .00000          .               .              -.02234     10
      96  r     11    EQ          .00000          .00000          .               .              -.02305     11
      97  r     12    EQ          .00000          .00000          .               .              -.02319     12
      98  r     13    EQ          .00000          .00000          .               .              -.02276     13
      99  r     14    EQ          .00000          .00000          .               .              -.02177     14
     100  r     15    EQ          .00000          .00000          .               .              -.02025     15
     101  r     16    EQ          .00000          .00000          .               .              -.01823     16
     102  r     17    EQ          .00000          .00000          .               .              -.01575     17
     103  r     18    EQ          .00000          .00000          .               .              -.01289     18
     104  r     19    EQ          .00000          .00000          .               .              -.00972     19
     105  r     20    EQ          .00000          .00000          .               .              -.00630     20
     106  r     21    EQ          .00000          .00000          .               .              -.00273     21
     107  r     22    EQ          .00000          .00000          .               .               .00028     22
     108  r     23    EQ          .00000          .00000          .               .               .00173     23
     109  r     24    EQ          .00000          .00000          .               .               .00307     24
     110  r     25    EQ          .00000          .00000          .               .               .00433     25
     111  r     26    EQ          .00000          .00000          .               .               .00549     26
     112  r     27    EQ          .00000          .00000          .               .               .00651     27
     113  r     28    EQ          .00000          .00000          .               .               .00737     28
     114  r     29    EQ          .00000          .00000          .               .               .00805     29
     115  r     30    EQ          .00000          .00000          .               .               .00853     30
     116  r     31    EQ          .00000          .00000          .               .               .00880     31
     117  r     32    EQ          .00000          .00000          .               .               .00886     32
     118  r     33    EQ          .00000          .00000          .               .               .00869     33
     119  r     34    EQ          .00000          .00000          .               .               .00832     34
     120  r     35    EQ          .00000          .00000          .               .               .00773     35
     121  r     36    EQ          .00000          .00000          .               .               .00696     36
     122  r     37    EQ          .00000          .00000          .               .               .00602     37
     123  r     38    EQ          .00000          .00000          .               .               .00492     38
     124  r     39    EQ          .00000          .00000          .               .               .00371     39
     125  r     40    EQ          .00000          .00000          .               .               .00241     40
     126  r     41    EQ          .00000          .00000          .               .               .00104     41
     127  r     42    EQ          .               .               .               .              -.00050     42
     128  r     43    EQ          .00000          .00000          .               .              -.00305     43
     129  r     44    EQ          .00000          .00000          .               .              -.00536     44
     130  r     45    EQ          .00000          .00000          .               .              -.00743     45
     131  r     46    EQ          .00000          .00000          .               .              -.00917     46
     132  r     47    EQ          .00000          .00000          .               .              -.01048     47
     133  r     48    EQ          .00000          .00000          .               .              -.01128     48
     134  r     49    EQ          .00000          .00000          .               .              -.01153     49
     135  r     50    EQ          .00000          .00000          .               .              -.01124     50
     136  r     51    EQ          .00000          .00000          .               .              -.01043     51
     137  r     52    EQ          .00000          .00000          .               .              -.00921     52
     138  r     53    EQ          .00000          .00000          .               .              -.00770     53
     139  r     54    EQ          .00000          .00000          .               .              -.00607     54
     140  r     55    EQ          .00000          .00000          .               .              -.00446     55
     141  r     56    EQ          .00000          .00000          .               .              -.00301     56
     142  r     57    EQ          .00000          .00000          .               .              -.00182     57
     143  r     58    EQ          .00000          .00000          .               .              -.00095     58
     144  r     59    EQ          .00000          .00000          .               .              -.00039     59
     145  r     60    EQ          .00000          .00000          .               .              -.00010     60
     146  r     61    EQ          .00000          .00000          .               .              -.00001     61
     147  r     62    BS          .81647          .81647          .                None           .          62
1
 
 Section 2 - Columns

  Number  .Column. State  ...Activity...  .Obj Gradient.  ..Lower Limit.  ..Upper Limit.  Reduced Gradnt    m+j
 
       1  x      1    EQ          .               .               .               .              -.14771     63
       2  x      2    BS          .00000          .            -50.00000        50.00000          .00000     64
       3  x      3    BS          .00008          .            -50.00000        50.00000          .00000     65
       4  x      4    BS          .00068          .            -50.00000        50.00000          .00000     66
       5  x      5    BS          .00326          .            -50.00000        50.00000          .00000     67
       6  x      6    BS          .01093          .            -50.00000        50.00000          .00000     68
       7  x      7    BS          .02883          .            -50.00000        50.00000          .00000     69
       8  x      8    BS          .06397          .            -50.00000        50.00000          .00000     70
       9  x      9    BS          .12428          .            -50.00000        50.00000          .00000     71
      10  x     10    BS          .21704          .            -50.00000        50.00000          .00000     72
      11  x     11    BS          .34697          .            -50.00000        50.00000          .00000     73
      12  x     12    BS          .51456          .            -50.00000        50.00000          .00000     74
      13  x     13    BS          .71518          .            -50.00000        50.00000          .00000     75
      14  x     14    BS          .93922          .            -50.00000        50.00000          .00000     76
      15  x     15    BS         1.17327          .            -50.00000        50.00000          .00000     77
      16  x     16    BS         1.40189          .            -50.00000        50.00000          .00000     78
      17  x     17    BS         1.60961          .            -50.00000        50.00000          .00000     79
      18  x     18    BS         1.78253          .            -50.00000        50.00000          .00000     80
      19  x     19    BS         1.90948          .            -50.00000        50.00000          .00000     81
      20  x     20    BS         1.98261          .            -50.00000        50.00000          .00000     82
      21  x     21    EQ         2.00000          .              2.00000         2.00000          .14771     83
      22  x     22    EQ          .               .               .               .               .05641     84
      23  x     23    BS         -.00028          .            -50.00000          .               .00000     85
      24  x     24    BS         -.00309          .            -50.00000          .               .00000     86
      25  x     25    BS         -.01333          .            -50.00000          .               .00000     87
      26  x     26    BS         -.03788          .            -50.00000          .               .00000     88
      27  x     27    BS         -.08446          .            -50.00000          .               .00000     89
      28  x     28    BS         -.16012          .            -50.00000          .               .00000     90
      29  x     29    BS         -.26959          .            -50.00000          .               .00000     91
      30  x     30    BS         -.41382          .            -50.00000          .               .00000     92
      31  x     31    BS         -.58913          .            -50.00000          .               .00000     93
      32  x     32    BS         -.78737          .            -50.00000          .               .00000     94
      33  x     33    BS         -.99708          .            -50.00000          .               .00000     95
      34  x     34    BS        -1.20540          .            -50.00000          .               .00000     96
      35  x     35    BS        -1.40027          .            -50.00000          .               .00000     97
      36  x     36    BS        -1.57225          .            -50.00000          .               .00000     98
      37  x     37    BS        -1.71550          .            -50.00000          .               .00000     99
      38  x     38    BS        -1.82785          .            -50.00000          .               .00000    100
      39  x     39    BS        -1.90998          .            -50.00000          .               .00000    101
      40  x     40    BS        -1.96425          .            -50.00000          .               .00000    102
      41  x     41    BS        -1.99331          .            -50.00000          .               .00000    103
      42  x     42    EQ        -2.00000          .             -2.00000        -2.00000         -.05641    104
      43  x     43    EQ          .               .               .               .              -.10000    105
      44  x     44    BS          .07469          .            -50.00000        50.00000          .00000    106
      45  x     45    BS          .24854          .            -50.00000        50.00000          .00000    107
      46  x     46    BS          .51636          .            -50.00000        50.00000          .00000    108
      47  x     47    BS          .87045          .            -50.00000        50.00000          .00000    109
      48  x     48    BS         1.29971          .            -50.00000        50.00000          .00000    110
      49  x     49    BS         1.78954          .            -50.00000        50.00000          .00000    111
      50  x     50    BS         2.32203          .            -50.00000        50.00000          .00000    112
      51  x     51    BS         2.87686          .            -50.00000        50.00000          .00000    113
      52  x     52    BS         3.43257          .            -50.00000        50.00000          .00000    114
      53  x     53    BS         3.96830          .            -50.00000        50.00000          .00000    115
      54  x     54    BS         4.46560          .            -50.00000        50.00000          .00000    116
      55  x     55    BS         4.90999          .            -50.00000        50.00000          .00000    117
      56  x     56    BS         5.29202          .            -50.00000        50.00000          .00000    118
      57  x     57    BS         5.60759          .            -50.00000        50.00000          .00000    119
      58  x     58    BS         5.85748          .            -50.00000        50.00000          .00000    120
      59  x     59    BS         6.04623          .            -50.00000        50.00000          .00000    121
      60  x     60    BS         6.18058          .            -50.00000        50.00000          .00000    122
      61  x     61    BS         6.26777          .            -50.00000        50.00000          .00000    123
      62  x     62    BS         6.31398          .            -50.00000        50.00000          .00000    124
      63  x     63    BS         6.32456          .            -50.00000        50.00000          .00000    125
      64  x     64 A  FR          .               .             -1.57080         1.57080          .00000    126
      65  x     65   SBS          .01104          .             -1.57080         1.57080          .00000    127
      66  x     66   SBS          .03672          .             -1.57080         1.57080          .00000    128
      67  x     67   SBS          .07634          .             -1.57080         1.57080          .00000    129
      68  x     68   SBS          .12893          .             -1.57080         1.57080          .00000    130
      69  x     69   SBS          .19318          .             -1.57080         1.57080          .00000    131
      70  x     70   SBS          .26750          .             -1.57080         1.57080          .00000    132
      71  x     71   SBS          .35009          .             -1.57080         1.57080          .00000    133
      72  x     72   SBS          .43890          .             -1.57080         1.57080          .00000    134
      73  x     73   SBS          .53173          .             -1.57080         1.57080          .00000    135
      74  x     74   SBS          .62631          .             -1.57080         1.57080          .00000    136
      75  x     75   SBS          .72030          .             -1.57080         1.57080          .00000    137
      76  x     76   SBS          .81140          .             -1.57080         1.57080          .00000    138
      77  x     77    BS          .89736          .             -1.57080         1.57080          .00000    139
      78  x     78   SBS          .97606          .             -1.57080         1.57080          .00000    140
      79  x     79   SBS         1.04556          .             -1.57080         1.57080          .00000    141
      80  x     80   SBS         1.10416          .             -1.57080         1.57080          .00000    142
      81  x     81   SBS         1.15041          .             -1.57080         1.57080          .00000    143
      82  x     82   SBS         1.18318          .             -1.57080         1.57080          .00000    144
      83  x     83   SBS         1.20165          .             -1.57080         1.57080          .00000    145
      84  x     84    EQ          .               .               .               .              1.00000    146
      85  x     85    BS          .81647         1.00000          .            100.00000          .00000    147
